<?xml version="1.0" encoding="UTF-8"?>
<!-- Generated by org.testng.reporters.JUnitXMLReporter -->
<testsuite ignored="0" hostname="OldMonk" failures="0" tests="5" name="Default test" time="38.725" errors="0" timestamp="2025-05-05T12:00:59 IST">
  <testcase classname="firstTask.EvaluationWeb" name="deletePosts" time="36.12"/>
  <testcase classname="firstTask.EvaluationWeb" name="getPosts" time="0.458"/>
  <testcase classname="firstTask.EvaluationWeb" name="patchPosts" time="0.743"/>
  <testcase classname="firstTask.EvaluationWeb" name="postPosts" time="0.591"/>
  <testcase classname="firstTask.EvaluationWeb" name="putPosts" time="0.652"/>
</testsuite> <!-- Default test -->
