<?xml version="1.0" encoding="UTF-8"?>
<testng-results ignored="0" total="5" passed="5" failed="0" skipped="0">
  <reporter-output>
  </reporter-output>
  <suite started-at="2025-05-05T12:00:20 IST" name="Default suite" finished-at="2025-05-05T12:00:59 IST" duration-ms="38725">
    <groups>
    </groups>
    <test started-at="2025-05-05T12:00:20 IST" name="Default test" finished-at="2025-05-05T12:00:59 IST" duration-ms="38725">
      <class name="firstTask.EvaluationWeb">
        <test-method signature="deletePosts()[pri:0, instance:firstTask.EvaluationWeb@5fbe4146]" started-at="2025-05-05T12:00:20 IST" name="deletePosts" finished-at="2025-05-05T12:00:57 IST" duration-ms="36120" status="PASS">
          <reporter-output>
          </reporter-output>
        </test-method> <!-- deletePosts -->
        <test-method signature="getPosts()[pri:0, instance:firstTask.EvaluationWeb@5fbe4146]" started-at="2025-05-05T12:00:57 IST" name="getPosts" finished-at="2025-05-05T12:00:57 IST" duration-ms="458" status="PASS">
          <reporter-output>
          </reporter-output>
        </test-method> <!-- getPosts -->
        <test-method signature="patchPosts()[pri:0, instance:firstTask.EvaluationWeb@5fbe4146]" started-at="2025-05-05T12:00:57 IST" name="patchPosts" finished-at="2025-05-05T12:00:58 IST" duration-ms="743" status="PASS">
          <reporter-output>
          </reporter-output>
        </test-method> <!-- patchPosts -->
        <test-method signature="postPosts()[pri:0, instance:firstTask.EvaluationWeb@5fbe4146]" started-at="2025-05-05T12:00:58 IST" name="postPosts" finished-at="2025-05-05T12:00:58 IST" duration-ms="591" status="PASS">
          <reporter-output>
          </reporter-output>
        </test-method> <!-- postPosts -->
        <test-method signature="putPosts()[pri:0, instance:firstTask.EvaluationWeb@5fbe4146]" started-at="2025-05-05T12:00:58 IST" name="putPosts" finished-at="2025-05-05T12:00:59 IST" duration-ms="652" status="PASS">
          <reporter-output>
          </reporter-output>
        </test-method> <!-- putPosts -->
      </class> <!-- firstTask.EvaluationWeb -->
    </test> <!-- Default test -->
  </suite> <!-- Default suite -->
</testng-results>
